[INFO] [Full Build] Collecting all images for all notebooks into /Users/caballero/repos/teaching/modern-classical-mechanics/_build/images
[IMG] Copied ../images/notes/week1/Qme07fA3Fj4.jpg from /Users/caballero/repos/teaching/modern-classical-mechanics/content/images/notes/week1/Qme07fA3Fj4.jpg to /Users/caballero/repos/teaching/modern-classical-mechanics/_build/images/01_start_Qme07fA3Fj4.jpg
[IMG] Copied ../images/notes/week1/myuD81326_o.jpg from /Users/caballero/repos/teaching/modern-classical-mechanics/content/images/notes/week1/myuD81326_o.jpg to /Users/caballero/repos/teaching/modern-classical-mechanics/_build/images/01_start_myuD81326_o.jpg
[IMG] Copied ../images/notes/week1/640px-Modernphysicsfields.svg.png from /Users/caballero/repos/teaching/modern-classical-mechanics/content/images/notes/week1/640px-Modernphysicsfields.svg.png to /Users/caballero/repos/teaching/modern-classical-mechanics/_build/images/01_start_640px-Modernphysicsfields.svg.png
[IMG] Copied ../images/notes/week1/falling_object.png from /Users/caballero/repos/teaching/modern-classical-mechanics/content/images/notes/week1/falling_object.png to /Users/caballero/repos/teaching/modern-classical-mechanics/_build/images/01_notes_falling_object.png
[IMG] Copied ../images/notes/week1/box_fbd.png from /Users/caballero/repos/teaching/modern-classical-mechanics/content/images/notes/week1/box_fbd.png to /Users/caballero/repos/teaching/modern-classical-mechanics/_build/images/01_notes_box_fbd.png
[IMG] Copied ../images/notes/week1/falling_object.png from /Users/caballero/repos/teaching/modern-classical-mechanics/content/images/notes/week1/falling_object.png to /Users/caballero/repos/teaching/modern-classical-mechanics/_build/images/01_notes_falling_object.png
[IMG] Copied ../images/notes/week1/box_fbd.png from /Users/caballero/repos/teaching/modern-classical-mechanics/content/images/notes/week1/box_fbd.png to /Users/caballero/repos/teaching/modern-classical-mechanics/_build/images/01_notes_box_fbd.png
[IMG] Copied ../images/notes/week2/browne.png from /Users/caballero/repos/teaching/modern-classical-mechanics/content/images/notes/week2/browne.png to /Users/caballero/repos/teaching/modern-classical-mechanics/_build/images/02_start_browne.png
[IMG] Copied ../images/notes/week2/dyson.png from /Users/caballero/repos/teaching/modern-classical-mechanics/content/images/notes/week2/dyson.png to /Users/caballero/repos/teaching/modern-classical-mechanics/_build/images/02_start_dyson.png
[IMG] Copied ../images/notes/week2/levy.png from /Users/caballero/repos/teaching/modern-classical-mechanics/content/images/notes/week2/levy.png to /Users/caballero/repos/teaching/modern-classical-mechanics/_build/images/02_start_levy.png
[IMG] Copied ../images/notes/week2/gleick.png from /Users/caballero/repos/teaching/modern-classical-mechanics/content/images/notes/week2/gleick.png to /Users/caballero/repos/teaching/modern-classical-mechanics/_build/images/02_start_gleick.png
[IMG] Copied ../images/notes/week2/crawford.png from /Users/caballero/repos/teaching/modern-classical-mechanics/content/images/notes/week2/crawford.png to /Users/caballero/repos/teaching/modern-classical-mechanics/_build/images/02_start_crawford.png
[IMG] Copied ../images/notes/week2/harvard-computers.png from /Users/caballero/repos/teaching/modern-classical-mechanics/content/images/notes/week2/harvard-computers.png to /Users/caballero/repos/teaching/modern-classical-mechanics/_build/images/02_start_harvard-computers.png
[IMG] Copied ../images/notes/week2/benjamin.png from /Users/caballero/repos/teaching/modern-classical-mechanics/content/images/notes/week2/benjamin.png to /Users/caballero/repos/teaching/modern-classical-mechanics/_build/images/02_start_benjamin.png
[IMG] Copied ../images/notes/week2/zuboff.png from /Users/caballero/repos/teaching/modern-classical-mechanics/content/images/notes/week2/zuboff.png to /Users/caballero/repos/teaching/modern-classical-mechanics/_build/images/02_start_zuboff.png
[IMG] Copied ../images/notes/week2/-M6lANfzFsM.jpg from /Users/caballero/repos/teaching/modern-classical-mechanics/content/images/notes/week2/-M6lANfzFsM.jpg to /Users/caballero/repos/teaching/modern-classical-mechanics/_build/images/02_start_-M6lANfzFsM.jpg
[IMG] Copied ../images/notes/week2/oneill.png from /Users/caballero/repos/teaching/modern-classical-mechanics/content/images/notes/week2/oneill.png to /Users/caballero/repos/teaching/modern-classical-mechanics/_build/images/02_start_oneill.png
[IMG] Copied ../images/notes/week2/nasa-computers-hidden-figures.png from /Users/caballero/repos/teaching/modern-classical-mechanics/content/images/notes/week2/nasa-computers-hidden-figures.png to /Users/caballero/repos/teaching/modern-classical-mechanics/_build/images/02_start_nasa-computers-hidden-figures.png
[IMG] Copied ../images/notes/week2/Dot-product.png from /Users/caballero/repos/teaching/modern-classical-mechanics/content/images/notes/week2/Dot-product.png to /Users/caballero/repos/teaching/modern-classical-mechanics/_build/images/02_notes_Dot-product.png
[IMG] Copied ../images/notes/week2/2dvector.png from /Users/caballero/repos/teaching/modern-classical-mechanics/content/images/notes/week2/2dvector.png to /Users/caballero/repos/teaching/modern-classical-mechanics/_build/images/02_notes_2dvector.png
[IMG] Copied ../images/notes/week3/dkTncoPqo5Y.jpg from /Users/caballero/repos/teaching/modern-classical-mechanics/content/images/notes/week3/dkTncoPqo5Y.jpg to /Users/caballero/repos/teaching/modern-classical-mechanics/_build/images/03_start_dkTncoPqo5Y.jpg
[IMG] Copied ../images/notes/week3/EYPapE-3FRw.jpg from /Users/caballero/repos/teaching/modern-classical-mechanics/content/images/notes/week3/EYPapE-3FRw.jpg to /Users/caballero/repos/teaching/modern-classical-mechanics/_build/images/03_start_EYPapE-3FRw.jpg
[IMG] Copied ../images/notes/week3/sho_horizontal.png from /Users/caballero/repos/teaching/modern-classical-mechanics/content/images/notes/week3/sho_horizontal.png to /Users/caballero/repos/teaching/modern-classical-mechanics/_build/images/03_notes_sho_horizontal.png
[IMG] Copied ../images/notes/week3/1d-ball-fbd-air.png from /Users/caballero/repos/teaching/modern-classical-mechanics/content/images/notes/week3/1d-ball-fbd-air.png to /Users/caballero/repos/teaching/modern-classical-mechanics/_build/images/03_notes_1d-ball-fbd-air.png
[IMG] Copied ../images/notes/week3/1d-ball-fbd.png from /Users/caballero/repos/teaching/modern-classical-mechanics/content/images/notes/week3/1d-ball-fbd.png to /Users/caballero/repos/teaching/modern-classical-mechanics/_build/images/03_notes_1d-ball-fbd.png
[IMG] Copied ../images/notes/week3/prelim_framework.png from /Users/caballero/repos/teaching/modern-classical-mechanics/content/images/notes/week3/prelim_framework.png to /Users/caballero/repos/teaching/modern-classical-mechanics/_build/images/03_notes_prelim_framework.png
[IMG] Copied ../images/notes/week4/f3LmjJ1N7YE.jpg from /Users/caballero/repos/teaching/modern-classical-mechanics/content/images/notes/week4/f3LmjJ1N7YE.jpg to /Users/caballero/repos/teaching/modern-classical-mechanics/_build/images/04_start_f3LmjJ1N7YE.jpg
[IMG] Copied ../images/notes/week4/8Dst6V4CQME.jpg from /Users/caballero/repos/teaching/modern-classical-mechanics/content/images/notes/week4/8Dst6V4CQME.jpg to /Users/caballero/repos/teaching/modern-classical-mechanics/_build/images/04_start_8Dst6V4CQME.jpg
[IMG] Copied ../images/notes/week4/gZk2bMaqs1E.jpg from /Users/caballero/repos/teaching/modern-classical-mechanics/content/images/notes/week4/gZk2bMaqs1E.jpg to /Users/caballero/repos/teaching/modern-classical-mechanics/_build/images/04_start_gZk2bMaqs1E.jpg
[IMG] Copied ../images/notes/week4/shock_front.jpg from /Users/caballero/repos/teaching/modern-classical-mechanics/content/images/notes/week4/shock_front.jpg to /Users/caballero/repos/teaching/modern-classical-mechanics/_build/images/04_start_shock_front.jpg
[IMG] Copied ../images/notes/week4/RkewD966Y90.jpg from /Users/caballero/repos/teaching/modern-classical-mechanics/content/images/notes/week4/RkewD966Y90.jpg to /Users/caballero/repos/teaching/modern-classical-mechanics/_build/images/04_start_RkewD966Y90.jpg
[IMG] Copied ../images/notes/week4/FrLh1GILomc.jpg from /Users/caballero/repos/teaching/modern-classical-mechanics/content/images/notes/week4/FrLh1GILomc.jpg to /Users/caballero/repos/teaching/modern-classical-mechanics/_build/images/04_start_FrLh1GILomc.jpg
[IMG] Copied ../images/notes/week3/sho_horizontal.png from /Users/caballero/repos/teaching/modern-classical-mechanics/content/images/notes/week3/sho_horizontal.png to /Users/caballero/repos/teaching/modern-classical-mechanics/_build/images/04_notes_sho_horizontal.png
[IMG] Copied ../images/notes/week4/2d-falling-ball-fbd.png from /Users/caballero/repos/teaching/modern-classical-mechanics/content/images/notes/week4/2d-falling-ball-fbd.png to /Users/caballero/repos/teaching/modern-classical-mechanics/_build/images/04_notes_2d-falling-ball-fbd.png
[IMG] Copied ../images/notes/week4/grav_03.png from /Users/caballero/repos/teaching/modern-classical-mechanics/content/images/notes/week4/grav_03.png to /Users/caballero/repos/teaching/modern-classical-mechanics/_build/images/04_notes_grav_03.png
[IMG] Copied ../images/notes/week4/grav_02.png from /Users/caballero/repos/teaching/modern-classical-mechanics/content/images/notes/week4/grav_02.png to /Users/caballero/repos/teaching/modern-classical-mechanics/_build/images/04_notes_grav_02.png
[IMG] Copied ../images/notes/week4/2d-falling-ball.png from /Users/caballero/repos/teaching/modern-classical-mechanics/content/images/notes/week4/2d-falling-ball.png to /Users/caballero/repos/teaching/modern-classical-mechanics/_build/images/04_notes_2d-falling-ball.png
[IMG] Copied ../images/notes/week4/grav_01.png from /Users/caballero/repos/teaching/modern-classical-mechanics/content/images/notes/week4/grav_01.png to /Users/caballero/repos/teaching/modern-classical-mechanics/_build/images/04_notes_grav_01.png
[IMG] Copied ../images/notes/week5/roX2NXDUTsM.jpg from /Users/caballero/repos/teaching/modern-classical-mechanics/content/images/notes/week5/roX2NXDUTsM.jpg to /Users/caballero/repos/teaching/modern-classical-mechanics/_build/images/05_start_roX2NXDUTsM.jpg
[IMG] Copied ../images/notes/week5/bHIhgxav9LY.jpg from /Users/caballero/repos/teaching/modern-classical-mechanics/content/images/notes/week5/bHIhgxav9LY.jpg to /Users/caballero/repos/teaching/modern-classical-mechanics/_build/images/05_start_bHIhgxav9LY.jpg
[IMG] Copied ../images/notes/week5/fbiNKrqVajM.jpg from /Users/caballero/repos/teaching/modern-classical-mechanics/content/images/notes/week5/fbiNKrqVajM.jpg to /Users/caballero/repos/teaching/modern-classical-mechanics/_build/images/05_start_fbiNKrqVajM.jpg
[IMG] Copied ../images/notes/week5/closed-path-work.png from /Users/caballero/repos/teaching/modern-classical-mechanics/content/images/notes/week5/closed-path-work.png to /Users/caballero/repos/teaching/modern-classical-mechanics/_build/images/05_notes_closed-path-work.png
[IMG] Copied ../images/notes/week5/lattice-chain.png from /Users/caballero/repos/teaching/modern-classical-mechanics/content/images/notes/week5/lattice-chain.png to /Users/caballero/repos/teaching/modern-classical-mechanics/_build/images/05_notes_lattice-chain.png
[IMG] Copied ../images/notes/week5/discrete-force-intervals.png from /Users/caballero/repos/teaching/modern-classical-mechanics/content/images/notes/week5/discrete-force-intervals.png to /Users/caballero/repos/teaching/modern-classical-mechanics/_build/images/05_notes_discrete-force-intervals.png
[IMG] Copied ../images/notes/week5/path-integral-work.png from /Users/caballero/repos/teaching/modern-classical-mechanics/content/images/notes/week5/path-integral-work.png to /Users/caballero/repos/teaching/modern-classical-mechanics/_build/images/05_notes_path-integral-work.png
[IMG] Copied ../images/notes/week6/5fRhasVmcUE.jpg from /Users/caballero/repos/teaching/modern-classical-mechanics/content/images/notes/week6/5fRhasVmcUE.jpg to /Users/caballero/repos/teaching/modern-classical-mechanics/_build/images/06_start_5fRhasVmcUE.jpg
[IMG] Copied ../images/notes/week6/fDek6cYijxI.jpg from /Users/caballero/repos/teaching/modern-classical-mechanics/content/images/notes/week6/fDek6cYijxI.jpg to /Users/caballero/repos/teaching/modern-classical-mechanics/_build/images/06_start_fDek6cYijxI.jpg
[IMG] Copied ../images/notes/week7/p_di4Zn4wz4.jpg from /Users/caballero/repos/teaching/modern-classical-mechanics/content/images/notes/week7/p_di4Zn4wz4.jpg to /Users/caballero/repos/teaching/modern-classical-mechanics/_build/images/07_start_p_di4Zn4wz4.jpg
[IMG] Copied ../images/notes/week7/vBwyD4JJlSs.jpg from /Users/caballero/repos/teaching/modern-classical-mechanics/content/images/notes/week7/vBwyD4JJlSs.jpg to /Users/caballero/repos/teaching/modern-classical-mechanics/_build/images/07_start_vBwyD4JJlSs.jpg
[IMG] Copied ../images/notes/week8/t-_VPRCtiUg.jpg from /Users/caballero/repos/teaching/modern-classical-mechanics/content/images/notes/week8/t-_VPRCtiUg.jpg to /Users/caballero/repos/teaching/modern-classical-mechanics/_build/images/08_start_t-_VPRCtiUg.jpg
[IMG] Copied ../images/notes/week8/conjugates_graph.png from /Users/caballero/repos/teaching/modern-classical-mechanics/content/images/notes/week8/conjugates_graph.png to /Users/caballero/repos/teaching/modern-classical-mechanics/_build/images/08_notes_conjugates_graph.png
[IMG] Copied ../images/notes/week9/mXTSnZgrfxM.jpg from /Users/caballero/repos/teaching/modern-classical-mechanics/content/images/notes/week9/mXTSnZgrfxM.jpg to /Users/caballero/repos/teaching/modern-classical-mechanics/_build/images/09_start_mXTSnZgrfxM.jpg
[IMG] Copied ../images/notes/week9/resonance.png from /Users/caballero/repos/teaching/modern-classical-mechanics/content/images/notes/week9/resonance.png to /Users/caballero/repos/teaching/modern-classical-mechanics/_build/images/09_notes_resonance.png
[IMG] Copied ../images/notes/week9/driven_oscillator.png from /Users/caballero/repos/teaching/modern-classical-mechanics/content/images/notes/week9/driven_oscillator.png to /Users/caballero/repos/teaching/modern-classical-mechanics/_build/images/09_notes_driven_oscillator.png
[IMG] Copied ../images/notes/week10/A_Trajectory_Through_Phase_Space_in_a_Lorenz_Attractor.gif from /Users/caballero/repos/teaching/modern-classical-mechanics/content/images/notes/week10/A_Trajectory_Through_Phase_Space_in_a_Lorenz_Attractor.gif to /Users/caballero/repos/teaching/modern-classical-mechanics/_build/images/10_start_A_Trajectory_Through_Phase_Space_in_a_Lorenz_Attractor.gif
[IMG] Copied ../images/notes/week10/640px-VanDerPolPhaseSpace.png from /Users/caballero/repos/teaching/modern-classical-mechanics/content/images/notes/week10/640px-VanDerPolPhaseSpace.png to /Users/caballero/repos/teaching/modern-classical-mechanics/_build/images/10_start_640px-VanDerPolPhaseSpace.png
[IMG] Copied ../images/notes/week10/lorenz-1.png from /Users/caballero/repos/teaching/modern-classical-mechanics/content/images/notes/week10/lorenz-1.png to /Users/caballero/repos/teaching/modern-classical-mechanics/_build/images/10_notes_lorenz-1.png
[IMG] Copied ../images/notes/week10/lorenz-2.png from /Users/caballero/repos/teaching/modern-classical-mechanics/content/images/notes/week10/lorenz-2.png to /Users/caballero/repos/teaching/modern-classical-mechanics/_build/images/10_notes_lorenz-2.png
[IMG] Copied ../images/notes/week10/first_duffing.png from /Users/caballero/repos/teaching/modern-classical-mechanics/content/images/notes/week10/first_duffing.png to /Users/caballero/repos/teaching/modern-classical-mechanics/_build/images/10_notes_first_duffing.png
[IMG] Copied ../images/notes/week11/8SABptOYUVk.jpg from /Users/caballero/repos/teaching/modern-classical-mechanics/content/images/notes/week11/8SABptOYUVk.jpg to /Users/caballero/repos/teaching/modern-classical-mechanics/_build/images/11_start_8SABptOYUVk.jpg
[IMG] Copied ../images/notes/week11/Cld0p3a43fU.jpg from /Users/caballero/repos/teaching/modern-classical-mechanics/content/images/notes/week11/Cld0p3a43fU.jpg to /Users/caballero/repos/teaching/modern-classical-mechanics/_build/images/11_start_Cld0p3a43fU.jpg
[IMG] Copied ../images/notes/week11/snells_shore.png from /Users/caballero/repos/teaching/modern-classical-mechanics/content/images/notes/week11/snells_shore.png to /Users/caballero/repos/teaching/modern-classical-mechanics/_build/images/11_notes_snells_shore.png
[IMG] Copied ../images/notes/week11/Cld0p3a43fU.jpg from /Users/caballero/repos/teaching/modern-classical-mechanics/content/images/notes/week11/Cld0p3a43fU.jpg to /Users/caballero/repos/teaching/modern-classical-mechanics/_build/images/11_notes_Cld0p3a43fU.jpg
[IMG] Copied ../images/notes/week11/brachistochrone.png from /Users/caballero/repos/teaching/modern-classical-mechanics/content/images/notes/week11/brachistochrone.png to /Users/caballero/repos/teaching/modern-classical-mechanics/_build/images/11_notes_brachistochrone.png
[IMG] Copied ../images/notes/week12/KpLno70oYHE.jpg from /Users/caballero/repos/teaching/modern-classical-mechanics/content/images/notes/week12/KpLno70oYHE.jpg to /Users/caballero/repos/teaching/modern-classical-mechanics/_build/images/12_start_KpLno70oYHE.jpg
[IMG] Copied ../images/notes/week12/Q_CQDSlmboA.jpg from /Users/caballero/repos/teaching/modern-classical-mechanics/content/images/notes/week12/Q_CQDSlmboA.jpg to /Users/caballero/repos/teaching/modern-classical-mechanics/_build/images/12_start_Q_CQDSlmboA.jpg
[IMG] Copied ../images/notes/week12/skateboard-free-body.png from /Users/caballero/repos/teaching/modern-classical-mechanics/content/images/notes/week12/skateboard-free-body.png to /Users/caballero/repos/teaching/modern-classical-mechanics/_build/images/12_notes_skateboard-free-body.png
[IMG] Copied ../images/notes/week12/coordinate-system.png from /Users/caballero/repos/teaching/modern-classical-mechanics/content/images/notes/week12/coordinate-system.png to /Users/caballero/repos/teaching/modern-classical-mechanics/_build/images/12_notes_coordinate-system.png
[IMG] Copied ../images/notes/week12/skateboard.png from /Users/caballero/repos/teaching/modern-classical-mechanics/content/images/notes/week12/skateboard.png to /Users/caballero/repos/teaching/modern-classical-mechanics/_build/images/12_notes_skateboard.png
[IMG] Copied ../images/notes/week12/plane-pendulum.png from /Users/caballero/repos/teaching/modern-classical-mechanics/content/images/notes/week12/plane-pendulum.png to /Users/caballero/repos/teaching/modern-classical-mechanics/_build/images/12_notes_plane-pendulum.png
[IMG] Copied ../images/notes/week13/PHiyQID7SBs.jpg from /Users/caballero/repos/teaching/modern-classical-mechanics/content/images/notes/week13/PHiyQID7SBs.jpg to /Users/caballero/repos/teaching/modern-classical-mechanics/_build/images/13_start_PHiyQID7SBs.jpg
[IMG] Copied ../images/notes/week13/atwood.png from /Users/caballero/repos/teaching/modern-classical-mechanics/content/images/notes/week13/atwood.png to /Users/caballero/repos/teaching/modern-classical-mechanics/_build/images/13_notes_atwood.png
[IMG] Copied ../images/notes/week13/paraboloid.png from /Users/caballero/repos/teaching/modern-classical-mechanics/content/images/notes/week13/paraboloid.png to /Users/caballero/repos/teaching/modern-classical-mechanics/_build/images/13_notes_paraboloid.png
[IMG] Copied ../images/notes/week13/string-unraveled.png from /Users/caballero/repos/teaching/modern-classical-mechanics/content/images/notes/week13/string-unraveled.png to /Users/caballero/repos/teaching/modern-classical-mechanics/_build/images/13_notes_string-unraveled.png
[IMG] Copied ../images/activities/1.15-triangle.png from /Users/caballero/repos/teaching/modern-classical-mechanics/content/images/activities/1.15-triangle.png to /Users/caballero/repos/teaching/modern-classical-mechanics/_build/images/hw1_1.15-triangle.png
[IMG] Copied ../images/activities/93dC0o2aHto.jpg from /Users/caballero/repos/teaching/modern-classical-mechanics/content/images/activities/93dC0o2aHto.jpg to /Users/caballero/repos/teaching/modern-classical-mechanics/_build/images/hw1_93dC0o2aHto.jpg
[IMG] Copied ../images/activities/paths.png from /Users/caballero/repos/teaching/modern-classical-mechanics/content/images/activities/paths.png to /Users/caballero/repos/teaching/modern-classical-mechanics/_build/images/hw4_paths.png
[IMG] Copied ../images/activities/5.2-kid_toy.png from /Users/caballero/repos/teaching/modern-classical-mechanics/content/images/activities/5.2-kid_toy.png to /Users/caballero/repos/teaching/modern-classical-mechanics/_build/images/hw5_5.2-kid_toy.png
[IMG] Copied ../images/activities/5.3-curved_path.png from /Users/caballero/repos/teaching/modern-classical-mechanics/content/images/activities/5.3-curved_path.png to /Users/caballero/repos/teaching/modern-classical-mechanics/_build/images/hw5_5.3-curved_path.png
[IMG] Copied ../images/activities/5.4-apparatus.png from /Users/caballero/repos/teaching/modern-classical-mechanics/content/images/activities/5.4-apparatus.png to /Users/caballero/repos/teaching/modern-classical-mechanics/_build/images/hw5_5.4-apparatus.png
[INFO] [Full Build] All referenced images copied to /Users/caballero/repos/teaching/modern-classical-mechanics/_build/images
[INFO] Building TeX files for notebooks in /Users/caballero/repos/teaching/modern-classical-mechanics/content/notebooks -> /Users/caballero/repos/teaching/modern-classical-mechanics/_build/tex
Converting /Users/caballero/repos/teaching/modern-classical-mechanics/content/notebooks/01_start.ipynb to /Users/caballero/repos/teaching/modern-classical-mechanics/_build/tex/01_start.tex
[INFO] Missing images for /Users/caballero/repos/teaching/modern-classical-mechanics/content/notebooks/01_start.ipynb: {'../images/notes/week1/Qme07fA3Fj4.jpg', '../images/notes/week1/myuD81326_o.jpg', '../images/notes/week1/640px-Modernphysicsfields.svg.png'}. Running --img...
Converting /Users/caballero/repos/teaching/modern-classical-mechanics/content/notebooks/01_notes.ipynb to /Users/caballero/repos/teaching/modern-classical-mechanics/_build/tex/01_notes.tex
[INFO] Missing images for /Users/caballero/repos/teaching/modern-classical-mechanics/content/notebooks/01_notes.ipynb: {'../images/notes/week1/falling_object.png', '../images/notes/week1/box_fbd.png'}. Running --img...
Converting /Users/caballero/repos/teaching/modern-classical-mechanics/content/notebooks/02_start.ipynb to /Users/caballero/repos/teaching/modern-classical-mechanics/_build/tex/02_start.tex
[INFO] Missing images for /Users/caballero/repos/teaching/modern-classical-mechanics/content/notebooks/02_start.ipynb: {'../images/notes/week2/browne.png', '../images/notes/week2/dyson.png', '../images/notes/week2/levy.png', '../images/notes/week2/gleick.png', '../images/notes/week2/crawford.png', '../images/notes/week2/harvard-computers.png', '../images/notes/week2/benjamin.png', '../images/notes/week2/zuboff.png', '../images/notes/week2/-M6lANfzFsM.jpg', '../images/notes/week2/oneill.png', '../images/notes/week2/nasa-computers-hidden-figures.png'}. Running --img...
Converting /Users/caballero/repos/teaching/modern-classical-mechanics/content/notebooks/02_notes.ipynb to /Users/caballero/repos/teaching/modern-classical-mechanics/_build/tex/02_notes.tex
[INFO] Missing images for /Users/caballero/repos/teaching/modern-classical-mechanics/content/notebooks/02_notes.ipynb: {'../images/notes/week2/Dot-product.png', '../images/notes/week2/2dvector.png'}. Running --img...
Converting /Users/caballero/repos/teaching/modern-classical-mechanics/content/notebooks/03_start.ipynb to /Users/caballero/repos/teaching/modern-classical-mechanics/_build/tex/03_start.tex
[INFO] Missing images for /Users/caballero/repos/teaching/modern-classical-mechanics/content/notebooks/03_start.ipynb: {'../images/notes/week3/dkTncoPqo5Y.jpg', '../images/notes/week3/EYPapE-3FRw.jpg'}. Running --img...
Converting /Users/caballero/repos/teaching/modern-classical-mechanics/content/notebooks/03_notes.ipynb to /Users/caballero/repos/teaching/modern-classical-mechanics/_build/tex/03_notes.tex
[INFO] Missing images for /Users/caballero/repos/teaching/modern-classical-mechanics/content/notebooks/03_notes.ipynb: {'../images/notes/week3/sho_horizontal.png', '../images/notes/week3/1d-ball-fbd-air.png', '../images/notes/week3/1d-ball-fbd.png', '../images/notes/week3/prelim_framework.png'}. Running --img...
Converting /Users/caballero/repos/teaching/modern-classical-mechanics/content/notebooks/04_start.ipynb to /Users/caballero/repos/teaching/modern-classical-mechanics/_build/tex/04_start.tex
[INFO] Missing images for /Users/caballero/repos/teaching/modern-classical-mechanics/content/notebooks/04_start.ipynb: {'../images/notes/week4/f3LmjJ1N7YE.jpg', '../images/notes/week4/8Dst6V4CQME.jpg', '../images/notes/week4/gZk2bMaqs1E.jpg', '../images/notes/week4/shock_front.jpg', '../images/notes/week4/RkewD966Y90.jpg', '../images/notes/week4/FrLh1GILomc.jpg'}. Running --img...
Converting /Users/caballero/repos/teaching/modern-classical-mechanics/content/notebooks/04_notes.ipynb to /Users/caballero/repos/teaching/modern-classical-mechanics/_build/tex/04_notes.tex
[INFO] Missing images for /Users/caballero/repos/teaching/modern-classical-mechanics/content/notebooks/04_notes.ipynb: {'../images/notes/week3/sho_horizontal.png', '../images/notes/week4/2d-falling-ball-fbd.png', '../images/notes/week4/grav_03.png', '../images/notes/week4/grav_02.png', '../images/notes/week4/2d-falling-ball.png', '../images/notes/week4/grav_01.png'}. Running --img...
Converting /Users/caballero/repos/teaching/modern-classical-mechanics/content/notebooks/05_start.ipynb to /Users/caballero/repos/teaching/modern-classical-mechanics/_build/tex/05_start.tex
[INFO] Missing images for /Users/caballero/repos/teaching/modern-classical-mechanics/content/notebooks/05_start.ipynb: {'../images/notes/week5/roX2NXDUTsM.jpg', '../images/notes/week5/bHIhgxav9LY.jpg', '../images/notes/week5/fbiNKrqVajM.jpg'}. Running --img...
Converting /Users/caballero/repos/teaching/modern-classical-mechanics/content/notebooks/05_notes.ipynb to /Users/caballero/repos/teaching/modern-classical-mechanics/_build/tex/05_notes.tex
[INFO] Missing images for /Users/caballero/repos/teaching/modern-classical-mechanics/content/notebooks/05_notes.ipynb: {'../images/notes/week5/closed-path-work.png', '../images/notes/week5/lattice-chain.png', '../images/notes/week5/discrete-force-intervals.png', '../images/notes/week5/path-integral-work.png'}. Running --img...
Converting /Users/caballero/repos/teaching/modern-classical-mechanics/content/notebooks/06_start.ipynb to /Users/caballero/repos/teaching/modern-classical-mechanics/_build/tex/06_start.tex
[INFO] Missing images for /Users/caballero/repos/teaching/modern-classical-mechanics/content/notebooks/06_start.ipynb: {'../images/notes/week6/5fRhasVmcUE.jpg', '../images/notes/week6/fDek6cYijxI.jpg'}. Running --img...
Converting /Users/caballero/repos/teaching/modern-classical-mechanics/content/notebooks/06_notes.ipynb to /Users/caballero/repos/teaching/modern-classical-mechanics/_build/tex/06_notes.tex
Converting /Users/caballero/repos/teaching/modern-classical-mechanics/content/notebooks/06_notes_2.ipynb to /Users/caballero/repos/teaching/modern-classical-mechanics/_build/tex/06_notes_2.tex
Converting /Users/caballero/repos/teaching/modern-classical-mechanics/content/notebooks/07_start.ipynb to /Users/caballero/repos/teaching/modern-classical-mechanics/_build/tex/07_start.tex
[INFO] Missing images for /Users/caballero/repos/teaching/modern-classical-mechanics/content/notebooks/07_start.ipynb: {'../images/notes/week7/p_di4Zn4wz4.jpg', '../images/notes/week7/vBwyD4JJlSs.jpg'}. Running --img...
Converting /Users/caballero/repos/teaching/modern-classical-mechanics/content/notebooks/07_notes.ipynb to /Users/caballero/repos/teaching/modern-classical-mechanics/_build/tex/07_notes.tex
Converting /Users/caballero/repos/teaching/modern-classical-mechanics/content/notebooks/08_start.ipynb to /Users/caballero/repos/teaching/modern-classical-mechanics/_build/tex/08_start.tex
[INFO] Missing images for /Users/caballero/repos/teaching/modern-classical-mechanics/content/notebooks/08_start.ipynb: {'../images/notes/week8/t-_VPRCtiUg.jpg'}. Running --img...
Converting /Users/caballero/repos/teaching/modern-classical-mechanics/content/notebooks/08_notes.ipynb to /Users/caballero/repos/teaching/modern-classical-mechanics/_build/tex/08_notes.tex
[INFO] Missing images for /Users/caballero/repos/teaching/modern-classical-mechanics/content/notebooks/08_notes.ipynb: {'../images/notes/week8/conjugates_graph.png'}. Running --img...
Converting /Users/caballero/repos/teaching/modern-classical-mechanics/content/notebooks/09_start.ipynb to /Users/caballero/repos/teaching/modern-classical-mechanics/_build/tex/09_start.tex
[INFO] Missing images for /Users/caballero/repos/teaching/modern-classical-mechanics/content/notebooks/09_start.ipynb: {'../images/notes/week9/mXTSnZgrfxM.jpg'}. Running --img...
Converting /Users/caballero/repos/teaching/modern-classical-mechanics/content/notebooks/09_notes.ipynb to /Users/caballero/repos/teaching/modern-classical-mechanics/_build/tex/09_notes.tex
[INFO] Missing images for /Users/caballero/repos/teaching/modern-classical-mechanics/content/notebooks/09_notes.ipynb: {'../images/notes/week9/resonance.png', '../images/notes/week9/driven_oscillator.png'}. Running --img...
Converting /Users/caballero/repos/teaching/modern-classical-mechanics/content/notebooks/10_start.ipynb to /Users/caballero/repos/teaching/modern-classical-mechanics/_build/tex/10_start.tex
[INFO] Missing images for /Users/caballero/repos/teaching/modern-classical-mechanics/content/notebooks/10_start.ipynb: {'../images/notes/week10/A_Trajectory_Through_Phase_Space_in_a_Lorenz_Attractor.gif', '../images/notes/week10/640px-VanDerPolPhaseSpace.png'}. Running --img...
Converting /Users/caballero/repos/teaching/modern-classical-mechanics/content/notebooks/10_notes.ipynb to /Users/caballero/repos/teaching/modern-classical-mechanics/_build/tex/10_notes.tex
[INFO] Missing images for /Users/caballero/repos/teaching/modern-classical-mechanics/content/notebooks/10_notes.ipynb: {'../images/notes/week10/lorenz-1.png', '../images/notes/week10/lorenz-2.png', '../images/notes/week10/first_duffing.png'}. Running --img...
Converting /Users/caballero/repos/teaching/modern-classical-mechanics/content/notebooks/11_start.ipynb to /Users/caballero/repos/teaching/modern-classical-mechanics/_build/tex/11_start.tex
[INFO] Missing images for /Users/caballero/repos/teaching/modern-classical-mechanics/content/notebooks/11_start.ipynb: {'../images/notes/week11/8SABptOYUVk.jpg', '../images/notes/week11/Cld0p3a43fU.jpg'}. Running --img...
Converting /Users/caballero/repos/teaching/modern-classical-mechanics/content/notebooks/11_notes.ipynb to /Users/caballero/repos/teaching/modern-classical-mechanics/_build/tex/11_notes.tex
[INFO] Missing images for /Users/caballero/repos/teaching/modern-classical-mechanics/content/notebooks/11_notes.ipynb: {'../images/notes/week11/snells_shore.png', '../images/notes/week11/Cld0p3a43fU.jpg', '../images/notes/week11/brachistochrone.png'}. Running --img...
Converting /Users/caballero/repos/teaching/modern-classical-mechanics/content/notebooks/12_start.ipynb to /Users/caballero/repos/teaching/modern-classical-mechanics/_build/tex/12_start.tex
[INFO] Missing images for /Users/caballero/repos/teaching/modern-classical-mechanics/content/notebooks/12_start.ipynb: {'../images/notes/week12/KpLno70oYHE.jpg', '../images/notes/week12/Q_CQDSlmboA.jpg'}. Running --img...
Converting /Users/caballero/repos/teaching/modern-classical-mechanics/content/notebooks/12_notes.ipynb to /Users/caballero/repos/teaching/modern-classical-mechanics/_build/tex/12_notes.tex
[INFO] Missing images for /Users/caballero/repos/teaching/modern-classical-mechanics/content/notebooks/12_notes.ipynb: {'../images/notes/week12/skateboard-free-body.png', '../images/notes/week12/coordinate-system.png', '../images/notes/week12/skateboard.png', '../images/notes/week12/plane-pendulum.png'}. Running --img...
Converting /Users/caballero/repos/teaching/modern-classical-mechanics/content/notebooks/13_start.ipynb to /Users/caballero/repos/teaching/modern-classical-mechanics/_build/tex/13_start.tex
[INFO] Missing images for /Users/caballero/repos/teaching/modern-classical-mechanics/content/notebooks/13_start.ipynb: {'../images/notes/week13/PHiyQID7SBs.jpg'}. Running --img...
Converting /Users/caballero/repos/teaching/modern-classical-mechanics/content/notebooks/13_notes.ipynb to /Users/caballero/repos/teaching/modern-classical-mechanics/_build/tex/13_notes.tex
[INFO] Missing images for /Users/caballero/repos/teaching/modern-classical-mechanics/content/notebooks/13_notes.ipynb: {'../images/notes/week13/atwood.png', '../images/notes/week13/paraboloid.png', '../images/notes/week13/string-unraveled.png'}. Running --img...
Converting /Users/caballero/repos/teaching/modern-classical-mechanics/content/notebooks/hw1.ipynb to /Users/caballero/repos/teaching/modern-classical-mechanics/_build/tex/hw1.tex
[INFO] Missing images for /Users/caballero/repos/teaching/modern-classical-mechanics/content/notebooks/hw1.ipynb: {'../images/activities/1.15-triangle.png', '../images/activities/93dC0o2aHto.jpg'}. Running --img...
Converting /Users/caballero/repos/teaching/modern-classical-mechanics/content/notebooks/hw2.ipynb to /Users/caballero/repos/teaching/modern-classical-mechanics/_build/tex/hw2.tex
Converting /Users/caballero/repos/teaching/modern-classical-mechanics/content/notebooks/hw3.ipynb to /Users/caballero/repos/teaching/modern-classical-mechanics/_build/tex/hw3.tex
Converting /Users/caballero/repos/teaching/modern-classical-mechanics/content/notebooks/hw4.ipynb to /Users/caballero/repos/teaching/modern-classical-mechanics/_build/tex/hw4.tex
[INFO] Missing images for /Users/caballero/repos/teaching/modern-classical-mechanics/content/notebooks/hw4.ipynb: {'../images/activities/paths.png'}. Running --img...
Converting /Users/caballero/repos/teaching/modern-classical-mechanics/content/notebooks/hw5.ipynb to /Users/caballero/repos/teaching/modern-classical-mechanics/_build/tex/hw5.tex
[INFO] Missing images for /Users/caballero/repos/teaching/modern-classical-mechanics/content/notebooks/hw5.ipynb: {'../images/activities/5.2-kid_toy.png', '../images/activities/5.3-curved_path.png', '../images/activities/5.4-apparatus.png'}. Running --img...
Converting /Users/caballero/repos/teaching/modern-classical-mechanics/content/notebooks/hw6.ipynb to /Users/caballero/repos/teaching/modern-classical-mechanics/_build/tex/hw6.tex
Converting /Users/caballero/repos/teaching/modern-classical-mechanics/content/notebooks/hw7.ipynb to /Users/caballero/repos/teaching/modern-classical-mechanics/_build/tex/hw7.tex
Converting /Users/caballero/repos/teaching/modern-classical-mechanics/content/notebooks/hw8.ipynb to /Users/caballero/repos/teaching/modern-classical-mechanics/_build/tex/hw8.tex
[INFO] All notebooks converted to TeX and saved in /Users/caballero/repos/teaching/modern-classical-mechanics/_build/tex. All image links updated to reference _build/images.
